

*******************************************************************************
Thu Nov 21 10:43:45 2019


FIT:    data read from "UnaDim.dat" u 1:2
        format = x:z
        #datapoints = 1000
        residuals are weighted equally (unit weight)

function used for fitting: f(x)
	f(x) = coeff*x+inter
fitted parameters initialized with current variable values

iter      chisq       delta/lim  lambda   coeff         inter        
   0 5.4529326592e+06   0.00e+00  4.09e+02    1.000000e+00   1.000000e+00
   5 2.2235660738e+06  -6.47e-07  4.09e-03    1.088298e+00   7.596841e+00

After 5 iterations the fit converged.
final sum of squares of residuals : 2.22357e+06
rel. change during last iteration : -6.46608e-12

degrees of freedom    (FIT_NDF)                        : 998
rms of residuals      (FIT_STDFIT) = sqrt(WSSR/ndf)    : 47.2019
variance of residuals (reduced chisquare) = WSSR/ndf   : 2228.02

Final set of parameters            Asymptotic Standard Error
=======================            ==========================
coeff           = 1.0883           +/- 0.005171     (0.4751%)
inter           = 7.59684          +/- 2.988        (39.33%)

correlation matrix of the fit parameters:
                coeff  inter  
coeff           1.000 
inter          -0.866  1.000 


*******************************************************************************
Thu Nov 21 11:13:29 2019


FIT:    data read from "UnaDim.dat" u 1:2
        format = x:z
        x range restricted to [0.00000 : 10000.0]
        #datapoints = 9999
        residuals are weighted equally (unit weight)

function used for fitting: f(x)
fitted parameters initialized with current variable values



*******************************************************************************
Thu Nov 21 11:13:36 2019


FIT:    data read from "UnaDim.dat" u 1:2
        format = x:z
        x range restricted to [0.00000 : 10000.0]
        #datapoints = 9999
        residuals are weighted equally (unit weight)

function used for fitting: f(x)
	f(x) = coeff*x+inter
fitted parameters initialized with current variable values

iter      chisq       delta/lim  lambda   coeff         inter        
   0 1.3073451007e+08   0.00e+00  4.08e+03    1.000000e+00   1.000000e+00
   5 5.5665408843e+07  -1.08e-01  4.08e-02    1.005208e+00   6.029169e+01

After 5 iterations the fit converged.
final sum of squares of residuals : 5.56654e+07
rel. change during last iteration : -1.07552e-06

degrees of freedom    (FIT_NDF)                        : 9997
rms of residuals      (FIT_STDFIT) = sqrt(WSSR/ndf)    : 74.6204
variance of residuals (reduced chisquare) = WSSR/ndf   : 5568.21

Final set of parameters            Asymptotic Standard Error
=======================            ==========================
coeff           = 1.00521          +/- 0.0002585    (0.02572%)
inter           = 60.2917          +/- 1.493        (2.476%)

correlation matrix of the fit parameters:
                coeff  inter  
coeff           1.000 
inter          -0.866  1.000 


*******************************************************************************
Thu Nov 21 11:16:59 2019


FIT:    data read from "UnaDim.dat" u 1:2
        format = x:z
        #datapoints = 9999
        residuals are weighted equally (unit weight)

function used for fitting: f(x)
	f(x) = coeff*x+inter
fitted parameters initialized with current variable values

iter      chisq       delta/lim  lambda   coeff         inter        
   0 1.0325439542e+08   0.00e+00  4.08e+03    1.000000e+00   1.000000e+00
   5 1.0008382087e+08  -1.93e-02  4.08e-02    1.004037e+00  -3.265041e+01

After 5 iterations the fit converged.
final sum of squares of residuals : 1.00084e+08
rel. change during last iteration : -1.92678e-07

degrees of freedom    (FIT_NDF)                        : 9997
rms of residuals      (FIT_STDFIT) = sqrt(WSSR/ndf)    : 100.057
variance of residuals (reduced chisquare) = WSSR/ndf   : 10011.4

Final set of parameters            Asymptotic Standard Error
=======================            ==========================
coeff           = 1.00404          +/- 0.0003467    (0.03453%)
inter           = -32.6504         +/- 2.001        (6.13%)

correlation matrix of the fit parameters:
                coeff  inter  
coeff           1.000 
inter          -0.866  1.000 


*******************************************************************************
Thu Nov 21 11:19:10 2019


FIT:    data read from "UnaDim.dat" u 1:2
        format = x:z
        #datapoints = 9999
        residuals are weighted equally (unit weight)

function used for fitting: f(x)
	f(x) = coeff*x+inter
fitted parameters initialized with current variable values

iter      chisq       delta/lim  lambda   coeff         inter        
   0 3.9364543944e+08   0.00e+00  4.08e+03    1.000000e+00   1.000000e+00
   5 4.4769923453e+07  -8.85e-03  4.08e-02    9.653849e-01   1.625287e+01

After 5 iterations the fit converged.
final sum of squares of residuals : 4.47699e+07
rel. change during last iteration : -8.84977e-08

degrees of freedom    (FIT_NDF)                        : 9997
rms of residuals      (FIT_STDFIT) = sqrt(WSSR/ndf)    : 66.9204
variance of residuals (reduced chisquare) = WSSR/ndf   : 4478.34

Final set of parameters            Asymptotic Standard Error
=======================            ==========================
coeff           = 0.965385         +/- 0.0002319    (0.02402%)
inter           = 16.2529          +/- 1.339        (8.236%)

correlation matrix of the fit parameters:
                coeff  inter  
coeff           1.000 
inter          -0.866  1.000 
